<?xml version="1.0" encoding="UTF-8"?>
<testng-results skipped="0" failed="0" total="0" passed="0">
  <reporter-output>
  </reporter-output>
  <suite name="Brand Preference Center" duration-ms="4" started-at="2016-08-01T15:34:23Z" finished-at="2016-08-01T15:34:23Z">
    <groups>
    </groups>
    <test name="Regression Test" duration-ms="4" started-at="2016-08-01T15:34:23Z" finished-at="2016-08-01T15:34:23Z">
    </test> <!-- Regression Test -->
  </suite> <!-- Brand Preference Center -->
</testng-results>
