<?xml version="1.0" encoding="UTF-8"?>
<!-- Generated by org.testng.reporters.JUnitXMLReporter -->
<testsuite hostname="DESKTOP-3S1OJIH" name="Regression Test" tests="1" failures="0" timestamp="11 Jan 2016 12:17:04 GMT" time="730.665" errors="0">
  <testcase name="@AfterMethod afterMethod" time="0.0" classname="appium.mobile.AllProducts">
    <failure type="java.lang.NullPointerException">
      <![CDATA[java.lang.NullPointerException
	at appium.mobile.AllProducts.afterMethod(AllProducts.java:80)
... Removed 29 stack frames]]>
    </failure>
  </testcase> <!-- @AfterMethod afterMethod -->
  <testcase name="variantName" time="716.455" classname="appium.mobile.AllProducts"/>
</testsuite> <!-- Regression Test -->
